<?xml version="1.0" encoding="UTF-8"?>
<!-- Generated by org.testng.reporters.JUnitReportReporter -->
<testsuite skipped="0" hostname="DESKTOP-D96Q9MV" name="POM.Homepagetest" tests="2" failures="0" timestamp="08 Jan 2021 09:18:20 GMT" time="34.078" errors="0">
  <testcase name="verifyHomePageTitle" time="17.472" classname="POM.Homepagetest"/>
  <testcase name="loggeduserValidation" time="16.606" classname="POM.Homepagetest"/>
</testsuite> <!-- POM.Homepagetest -->
