<?xml version="1.0" encoding="UTF-8"?>
<!-- Generated by org.testng.reporters.JUnitReportReporter -->
<testsuite skipped="0" hostname="DESKTOP-D96Q9MV" name="com.excel.test.TestMain2" tests="4" failures="0" timestamp="2021-01-02T23:01:24 GMT" time="0.787" errors="0">
  <testcase name="testing1" time="0.112" classname="com.excel.test.TestMain2"/>
  <system-out/>
  <testcase name="testing1" time="0.448" classname="com.excel.test.TestMain2"/>
  <system-out/>
  <testcase name="testing1" time="0.098" classname="com.excel.test.TestMain2"/>
  <system-out/>
  <testcase name="testing1" time="0.129" classname="com.excel.test.TestMain2"/>
  <system-out/>
</testsuite> <!-- com.excel.test.TestMain2 -->
