<?xml version="1.0" encoding="UTF-8"?>
<!-- Generated by org.testng.reporters.JUnitReportReporter -->
<testsuite skipped="0" hostname="DESKTOP-D96Q9MV" name="Test1" tests="1" failures="0" timestamp="2021-01-02T20:29:24 GMT" time="20.778" errors="0">
  <testcase name="testmethod1" time="20.778" classname="Test1"/>
  <system-out/>
</testsuite> <!-- Test1 -->
