<?xml version="1.0" encoding="UTF-8"?>
<!-- Generated by org.testng.reporters.JUnitReportReporter -->
<testsuite skipped="0" hostname="DESKTOP-D96Q9MV" name="POM.LoginTest" tests="3" failures="0" timestamp="08 Jan 2021 09:18:20 GMT" time="41.575" errors="0">
  <testcase name="loginPagetitleTest" time="13.125" classname="POM.LoginTest"/>
  <testcase name="logovalidation" time="11.627" classname="POM.LoginTest"/>
  <testcase name="login" time="16.823" classname="POM.LoginTest"/>
</testsuite> <!-- POM.LoginTest -->
