<?xml version="1.0" encoding="UTF-8"?>
<!-- Generated by org.testng.reporters.JUnitReportReporter -->
<testsuite skipped="0" hostname="DESKTOP-D96Q9MV" name="POM.LoginTest" tests="3" failures="0" timestamp="08 Jan 2021 15:49:08 GMT" time="46.822" errors="0">
  <testcase name="loginPagetitleTest" time="13.254" classname="POM.LoginTest"/>
  <testcase name="logovalidation" time="12.095" classname="POM.LoginTest"/>
  <testcase name="login" time="21.473" classname="POM.LoginTest"/>
</testsuite> <!-- POM.LoginTest -->
